This is pdfTeX, Version 3.1415926-2.4-1.40.13 (MiKTeX 2.9) (preloaded format=pdflatex 2013.11.13)  23 JAN 2014 22:15
entering extended mode
**documentation.tex
("E:\Dokumenty\Stosowana\III rok\Symulacje\doc\documentation.tex"
LaTeX2e <2011/06/27>
Babel <v3.8m> and hyphenation patterns for english, afrikaans, ancientgreek, ar
abic, armenian, assamese, basque, bengali, bokmal, bulgarian, catalan, coptic, 
croatian, czech, danish, dutch, esperanto, estonian, farsi, finnish, french, ga
lician, german, german-x-2012-05-30, greek, gujarati, hindi, hungarian, iceland
ic, indonesian, interlingua, irish, italian, kannada, kurmanji, latin, latvian,
 lithuanian, malayalam, marathi, mongolian, mongolianlmc, monogreek, ngerman, n
german-x-2012-05-30, nynorsk, oriya, panjabi, pinyin, polish, portuguese, roman
ian, russian, sanskrit, serbian, slovak, slovenian, spanish, swedish, swissgerm
an, tamil, telugu, turkish, turkmen, ukenglish, ukrainian, uppersorbian, usengl
ishmax, welsh, loaded.
("C:\Program Files (x86)\MiKTeX 2.9\tex\latex\base\article.cls"
Document Class: article 2007/10/19 v1.4h Standard LaTeX document class
("C:\Program Files (x86)\MiKTeX 2.9\tex\latex\base\size10.clo"
File: size10.clo 2007/10/19 v1.4h Standard LaTeX file (size option)
)
\c@part=\count79
\c@section=\count80
\c@subsection=\count81
\c@subsubsection=\count82
\c@paragraph=\count83
\c@subparagraph=\count84
\c@figure=\count85
\c@table=\count86
\abovecaptionskip=\skip41
\belowcaptionskip=\skip42
\bibindent=\dimen102
)
("C:\Program Files (x86)\MiKTeX 2.9\tex\latex\base\inputenc.sty"
Package: inputenc 2008/03/30 v1.1d Input encoding file
\inpenc@prehook=\toks14
\inpenc@posthook=\toks15

("C:\Program Files (x86)\MiKTeX 2.9\tex\latex\base\utf8.def"
File: utf8.def 2008/04/05 v1.1m UTF-8 support for inputenc
Now handling font encoding OML ...
... no UTF-8 mapping file for font encoding OML
Now handling font encoding T1 ...
... processing UTF-8 mapping file for font encoding T1

("C:\Program Files (x86)\MiKTeX 2.9\tex\latex\base\t1enc.dfu"
File: t1enc.dfu 2008/04/05 v1.1m UTF-8 support for inputenc
   defining Unicode char U+00A1 (decimal 161)
   defining Unicode char U+00A3 (decimal 163)
   defining Unicode char U+00AB (decimal 171)
   defining Unicode char U+00BB (decimal 187)
   defining Unicode char U+00BF (decimal 191)
   defining Unicode char U+00C0 (decimal 192)
   defining Unicode char U+00C1 (decimal 193)
   defining Unicode char U+00C2 (decimal 194)
   defining Unicode char U+00C3 (decimal 195)
   defining Unicode char U+00C4 (decimal 196)
   defining Unicode char U+00C5 (decimal 197)
   defining Unicode char U+00C6 (decimal 198)
   defining Unicode char U+00C7 (decimal 199)
   defining Unicode char U+00C8 (decimal 200)
   defining Unicode char U+00C9 (decimal 201)
   defining Unicode char U+00CA (decimal 202)
   defining Unicode char U+00CB (decimal 203)
   defining Unicode char U+00CC (decimal 204)
   defining Unicode char U+00CD (decimal 205)
   defining Unicode char U+00CE (decimal 206)
   defining Unicode char U+00CF (decimal 207)
   defining Unicode char U+00D0 (decimal 208)
   defining Unicode char U+00D1 (decimal 209)
   defining Unicode char U+00D2 (decimal 210)
   defining Unicode char U+00D3 (decimal 211)
   defining Unicode char U+00D4 (decimal 212)
   defining Unicode char U+00D5 (decimal 213)
   defining Unicode char U+00D6 (decimal 214)
   defining Unicode char U+00D8 (decimal 216)
   defining Unicode char U+00D9 (decimal 217)
   defining Unicode char U+00DA (decimal 218)
   defining Unicode char U+00DB (decimal 219)
   defining Unicode char U+00DC (decimal 220)
   defining Unicode char U+00DD (decimal 221)
   defining Unicode char U+00DE (decimal 222)
   defining Unicode char U+00DF (decimal 223)
   defining Unicode char U+00E0 (decimal 224)
   defining Unicode char U+00E1 (decimal 225)
   defining Unicode char U+00E2 (decimal 226)
   defining Unicode char U+00E3 (decimal 227)
   defining Unicode char U+00E4 (decimal 228)
   defining Unicode char U+00E5 (decimal 229)
   defining Unicode char U+00E6 (decimal 230)
   defining Unicode char U+00E7 (decimal 231)
   defining Unicode char U+00E8 (decimal 232)
   defining Unicode char U+00E9 (decimal 233)
   defining Unicode char U+00EA (decimal 234)
   defining Unicode char U+00EB (decimal 235)
   defining Unicode char U+00EC (decimal 236)
   defining Unicode char U+00ED (decimal 237)
   defining Unicode char U+00EE (decimal 238)
   defining Unicode char U+00EF (decimal 239)
   defining Unicode char U+00F0 (decimal 240)
   defining Unicode char U+00F1 (decimal 241)
   defining Unicode char U+00F2 (decimal 242)
   defining Unicode char U+00F3 (decimal 243)
   defining Unicode char U+00F4 (decimal 244)
   defining Unicode char U+00F5 (decimal 245)
   defining Unicode char U+00F6 (decimal 246)
   defining Unicode char U+00F8 (decimal 248)
   defining Unicode char U+00F9 (decimal 249)
   defining Unicode char U+00FA (decimal 250)
   defining Unicode char U+00FB (decimal 251)
   defining Unicode char U+00FC (decimal 252)
   defining Unicode char U+00FD (decimal 253)
   defining Unicode char U+00FE (decimal 254)
   defining Unicode char U+00FF (decimal 255)
   defining Unicode char U+0102 (decimal 258)
   defining Unicode char U+0103 (decimal 259)
   defining Unicode char U+0104 (decimal 260)
   defining Unicode char U+0105 (decimal 261)
   defining Unicode char U+0106 (decimal 262)
   defining Unicode char U+0107 (decimal 263)
   defining Unicode char U+010C (decimal 268)
   defining Unicode char U+010D (decimal 269)
   defining Unicode char U+010E (decimal 270)
   defining Unicode char U+010F (decimal 271)
   defining Unicode char U+0110 (decimal 272)
   defining Unicode char U+0111 (decimal 273)
   defining Unicode char U+0118 (decimal 280)
   defining Unicode char U+0119 (decimal 281)
   defining Unicode char U+011A (decimal 282)
   defining Unicode char U+011B (decimal 283)
   defining Unicode char U+011E (decimal 286)
   defining Unicode char U+011F (decimal 287)
   defining Unicode char U+0130 (decimal 304)
   defining Unicode char U+0131 (decimal 305)
   defining Unicode char U+0132 (decimal 306)
   defining Unicode char U+0133 (decimal 307)
   defining Unicode char U+0139 (decimal 313)
   defining Unicode char U+013A (decimal 314)
   defining Unicode char U+013D (decimal 317)
   defining Unicode char U+013E (decimal 318)
   defining Unicode char U+0141 (decimal 321)
   defining Unicode char U+0142 (decimal 322)
   defining Unicode char U+0143 (decimal 323)
   defining Unicode char U+0144 (decimal 324)
   defining Unicode char U+0147 (decimal 327)
   defining Unicode char U+0148 (decimal 328)
   defining Unicode char U+014A (decimal 330)
   defining Unicode char U+014B (decimal 331)
   defining Unicode char U+0150 (decimal 336)
   defining Unicode char U+0151 (decimal 337)
   defining Unicode char U+0152 (decimal 338)
   defining Unicode char U+0153 (decimal 339)
   defining Unicode char U+0154 (decimal 340)
   defining Unicode char U+0155 (decimal 341)
   defining Unicode char U+0158 (decimal 344)
   defining Unicode char U+0159 (decimal 345)
   defining Unicode char U+015A (decimal 346)
   defining Unicode char U+015B (decimal 347)
   defining Unicode char U+015E (decimal 350)
   defining Unicode char U+015F (decimal 351)
   defining Unicode char U+0160 (decimal 352)
   defining Unicode char U+0161 (decimal 353)
   defining Unicode char U+0162 (decimal 354)
   defining Unicode char U+0163 (decimal 355)
   defining Unicode char U+0164 (decimal 356)
   defining Unicode char U+0165 (decimal 357)
   defining Unicode char U+016E (decimal 366)
   defining Unicode char U+016F (decimal 367)
   defining Unicode char U+0170 (decimal 368)
   defining Unicode char U+0171 (decimal 369)
   defining Unicode char U+0178 (decimal 376)
   defining Unicode char U+0179 (decimal 377)
   defining Unicode char U+017A (decimal 378)
   defining Unicode char U+017B (decimal 379)
   defining Unicode char U+017C (decimal 380)
   defining Unicode char U+017D (decimal 381)
   defining Unicode char U+017E (decimal 382)
   defining Unicode char U+200C (decimal 8204)
   defining Unicode char U+2013 (decimal 8211)
   defining Unicode char U+2014 (decimal 8212)
   defining Unicode char U+2018 (decimal 8216)
   defining Unicode char U+2019 (decimal 8217)
   defining Unicode char U+201A (decimal 8218)
   defining Unicode char U+201C (decimal 8220)
   defining Unicode char U+201D (decimal 8221)
   defining Unicode char U+201E (decimal 8222)
   defining Unicode char U+2030 (decimal 8240)
   defining Unicode char U+2031 (decimal 8241)
   defining Unicode char U+2039 (decimal 8249)
   defining Unicode char U+203A (decimal 8250)
   defining Unicode char U+2423 (decimal 9251)
)
Now handling font encoding OT1 ...
... processing UTF-8 mapping file for font encoding OT1

("C:\Program Files (x86)\MiKTeX 2.9\tex\latex\base\ot1enc.dfu"
File: ot1enc.dfu 2008/04/05 v1.1m UTF-8 support for inputenc
   defining Unicode char U+00A1 (decimal 161)
   defining Unicode char U+00A3 (decimal 163)
   defining Unicode char U+00B8 (decimal 184)
   defining Unicode char U+00BF (decimal 191)
   defining Unicode char U+00C5 (decimal 197)
   defining Unicode char U+00C6 (decimal 198)
   defining Unicode char U+00D8 (decimal 216)
   defining Unicode char U+00DF (decimal 223)
   defining Unicode char U+00E6 (decimal 230)
   defining Unicode char U+00EC (decimal 236)
   defining Unicode char U+00ED (decimal 237)
   defining Unicode char U+00EE (decimal 238)
   defining Unicode char U+00EF (decimal 239)
   defining Unicode char U+00F8 (decimal 248)
   defining Unicode char U+0131 (decimal 305)
   defining Unicode char U+0141 (decimal 321)
   defining Unicode char U+0142 (decimal 322)
   defining Unicode char U+0152 (decimal 338)
   defining Unicode char U+0153 (decimal 339)
   defining Unicode char U+2013 (decimal 8211)
   defining Unicode char U+2014 (decimal 8212)
   defining Unicode char U+2018 (decimal 8216)
   defining Unicode char U+2019 (decimal 8217)
   defining Unicode char U+201C (decimal 8220)
   defining Unicode char U+201D (decimal 8221)
)
Now handling font encoding OMS ...
... processing UTF-8 mapping file for font encoding OMS

("C:\Program Files (x86)\MiKTeX 2.9\tex\latex\base\omsenc.dfu"
File: omsenc.dfu 2008/04/05 v1.1m UTF-8 support for inputenc
   defining Unicode char U+00A7 (decimal 167)
   defining Unicode char U+00B6 (decimal 182)
   defining Unicode char U+00B7 (decimal 183)
   defining Unicode char U+2020 (decimal 8224)
   defining Unicode char U+2021 (decimal 8225)
   defining Unicode char U+2022 (decimal 8226)
)
Now handling font encoding OMX ...
... no UTF-8 mapping file for font encoding OMX
Now handling font encoding U ...
... no UTF-8 mapping file for font encoding U
   defining Unicode char U+00A9 (decimal 169)
   defining Unicode char U+00AA (decimal 170)
   defining Unicode char U+00AE (decimal 174)
   defining Unicode char U+00BA (decimal 186)
   defining Unicode char U+02C6 (decimal 710)
   defining Unicode char U+02DC (decimal 732)
   defining Unicode char U+200C (decimal 8204)
   defining Unicode char U+2026 (decimal 8230)
   defining Unicode char U+2122 (decimal 8482)
   defining Unicode char U+2423 (decimal 9251)
))
("C:\Program Files (x86)\MiKTeX 2.9\tex\latex\polski\polski.sty"
Package: polski 2008/02/24 v1.3.3 Polish language package

Document language package `polski' v1.3.3 <2008/02/24>
   Inputenc package detected. Catcodes not changed.
\l@nohyphenation=\language69
   Switching to Polish text encoding and Polish maths fonts.
("C:\Program Files (x86)\MiKTeX 2.9\tex\latex\base\ot4enc.def"
File: ot4enc.def 2005/09/27 v1.99g Standard LaTeX file
Now handling font encoding OT4 ...
... no UTF-8 mapping file for font encoding OT4
)
LaTeX Font Info:    Try loading font information for OT4+cmr on input line 346.


("C:\Program Files (x86)\MiKTeX 2.9\tex\latex\polski\ot4cmr.fd"
File: ot4cmr.fd 2008/02/24 v1.2.1 Font defs for fonts PL (MW)
)
LaTeX Font Info:    Overwriting math alphabet `\mathbf' in version `normal'
(Font)                  OT1/cmr/bx/n --> OT4/cmr/bx/n on input line 346.
LaTeX Font Info:    Overwriting math alphabet `\mathsf' in version `normal'
(Font)                  OT1/cmss/m/n --> OT4/cmss/m/n on input line 346.
LaTeX Font Info:    Overwriting math alphabet `\mathit' in version `normal'
(Font)                  OT1/cmr/m/it --> OT4/cmr/m/it on input line 346.
LaTeX Font Info:    Overwriting math alphabet `\mathtt' in version `normal'
(Font)                  OT1/cmtt/m/n --> OT4/cmtt/m/n on input line 346.
LaTeX Font Info:    Overwriting math alphabet `\mathsf' in version `bold'
(Font)                  OT1/cmss/bx/n --> OT4/cmss/bx/n on input line 346.
LaTeX Font Info:    Overwriting math alphabet `\mathit' in version `bold'
(Font)                  OT1/cmr/bx/it --> OT4/cmr/bx/it on input line 346.
LaTeX Font Info:    Encoding `OT1' has changed to `OT4' for symbol font
(Font)              `operators' in the math version `normal' on input line 346.

LaTeX Font Info:    Overwriting symbol font `operators' in version `normal'
(Font)                  OT1/cmr/m/n --> OT4/cmr/m/n on input line 346.
LaTeX Font Info:    Overwriting symbol font `letters' in version `normal'
(Font)                  OML/cmm/m/it --> OML/plm/m/it on input line 346.
LaTeX Font Info:    Overwriting symbol font `symbols' in version `normal'
(Font)                  OMS/cmsy/m/n --> OMS/plsy/m/n on input line 346.
LaTeX Font Info:    Overwriting symbol font `largesymbols' in version `normal'
(Font)                  OMX/cmex/m/n --> OMX/plex/m/n on input line 346.
LaTeX Font Info:    Encoding `OT1' has changed to `OT4' for symbol font
(Font)              `operators' in the math version `bold' on input line 346.
LaTeX Font Info:    Overwriting symbol font `operators' in version `bold'
(Font)                  OT1/cmr/bx/n --> OT4/cmr/bx/n on input line 346.
LaTeX Font Info:    Overwriting symbol font `letters' in version `bold'
(Font)                  OML/cmm/b/it --> OML/plm/b/it on input line 346.
LaTeX Font Info:    Overwriting symbol font `symbols' in version `bold'
(Font)                  OMS/cmsy/b/n --> OMS/plsy/b/n on input line 346.
)
("C:\Program Files (x86)\MiKTeX 2.9\tex\generic\babel\babel.sty"
Package: babel 2008/07/08 v3.8m The Babel package

*************************************
* Local config file bblopts.cfg used
*
("C:\Program Files (x86)\MiKTeX 2.9\tex\latex\00miktex\bblopts.cfg"
File: bblopts.cfg 2006/07/31 v1.0 MiKTeX 'babel' configuration
)
("C:\Program Files (x86)\MiKTeX 2.9\tex\generic\babel\polish.ldf"
Language: polish 2005/03/31 v1.2l Polish support from the babel system

("C:\Program Files (x86)\MiKTeX 2.9\tex\generic\babel\babel.def"
File: babel.def 2008/07/08 v3.8m Babel common definitions
\babel@savecnt=\count87
\U@D=\dimen103
)
Package babel Info: Making " an active character on input line 83.
\pl@left=\dimen104
\pl@down=\dimen105
\pl@right=\dimen106
\pl@temp=\dimen107
))
("C:\Program Files (x86)\MiKTeX 2.9\tex\latex\cite\cite.sty"
LaTeX Info: Redefining \cite on input line 302.
LaTeX Info: Redefining \nocite on input line 373.
Package: cite 2010/09/10  v 5.3
)
("C:\Program Files (x86)\MiKTeX 2.9\tex\latex\ltxmisc\url.sty"
\Urlmuskip=\muskip10
Package: url 2006/04/12  ver 3.3  Verb mode for urls, etc.
)
("C:\Program Files (x86)\MiKTeX 2.9\tex\latex\pdfpages\pdfpages.sty"
Package: pdfpages 2013/08/25 v0.4v Insert pages of external PDF documents (AM)

("C:\Program Files (x86)\MiKTeX 2.9\tex\latex\base\ifthen.sty"
Package: ifthen 2001/05/26 v1.1c Standard LaTeX ifthen package (DPC)
)
("C:\Program Files (x86)\MiKTeX 2.9\tex\latex\tools\calc.sty"
Package: calc 2007/08/22 v4.3 Infix arithmetic (KKT,FJ)
\calc@Acount=\count88
\calc@Bcount=\count89
\calc@Adimen=\dimen108
\calc@Bdimen=\dimen109
\calc@Askip=\skip43
\calc@Bskip=\skip44
LaTeX Info: Redefining \setlength on input line 76.
LaTeX Info: Redefining \addtolength on input line 77.
\calc@Ccount=\count90
\calc@Cskip=\skip45
)
("C:\Program Files (x86)\MiKTeX 2.9\tex\latex\eso-pic\eso-pic.sty"
Package: eso-pic 2013/10/06 v2.0d eso-pic (RN)

("C:\Program Files (x86)\MiKTeX 2.9\tex\generic\oberdiek\atbegshi.sty"
Package: atbegshi 2011/10/05 v1.16 At begin shipout hook (HO)

("C:\Program Files (x86)\MiKTeX 2.9\tex\generic\oberdiek\infwarerr.sty"
Package: infwarerr 2010/04/08 v1.3 Providing info/warning/error messages (HO)
)
("C:\Program Files (x86)\MiKTeX 2.9\tex\generic\oberdiek\ltxcmds.sty"
Package: ltxcmds 2011/11/09 v1.22 LaTeX kernel commands for general use (HO)
)
("C:\Program Files (x86)\MiKTeX 2.9\tex\generic\oberdiek\ifpdf.sty"
Package: ifpdf 2011/01/30 v2.3 Provides the ifpdf switch (HO)
Package ifpdf Info: pdfTeX in PDF mode is detected.
))
("C:\Program Files (x86)\MiKTeX 2.9\tex\latex\graphics\keyval.sty"
Package: keyval 1999/03/16 v1.13 key=value parser (DPC)
\KV@toks@=\toks16
)
("C:\Program Files (x86)\MiKTeX 2.9\tex\latex\xcolor\xcolor.sty"
Package: xcolor 2007/01/21 v2.11 LaTeX color extensions (UK)

("C:\Program Files (x86)\MiKTeX 2.9\tex\latex\00miktex\color.cfg"
File: color.cfg 2007/01/18 v1.5 color configuration of teTeX/TeXLive
)
Package xcolor Info: Driver file: pdftex.def on input line 225.

("C:\Program Files (x86)\MiKTeX 2.9\tex\latex\pdftex-def\pdftex.def"
File: pdftex.def 2011/05/27 v0.06d Graphics/color for pdfTeX
\Gread@gobject=\count91
)
Package xcolor Info: Model `cmy' substituted by `cmy0' on input line 1337.
Package xcolor Info: Model `hsb' substituted by `rgb' on input line 1341.
Package xcolor Info: Model `RGB' extended on input line 1353.
Package xcolor Info: Model `HTML' substituted by `rgb' on input line 1355.
Package xcolor Info: Model `Hsb' substituted by `hsb' on input line 1356.
Package xcolor Info: Model `tHsb' substituted by `hsb' on input line 1357.
Package xcolor Info: Model `HSB' substituted by `hsb' on input line 1358.
Package xcolor Info: Model `Gray' substituted by `gray' on input line 1359.
Package xcolor Info: Model `wave' substituted by `hsb' on input line 1360.
))
("C:\Program Files (x86)\MiKTeX 2.9\tex\latex\graphics\graphicx.sty"
Package: graphicx 1999/02/16 v1.0f Enhanced LaTeX Graphics (DPC,SPQR)

("C:\Program Files (x86)\MiKTeX 2.9\tex\latex\graphics\graphics.sty"
Package: graphics 2009/02/05 v1.0o Standard LaTeX Graphics (DPC,SPQR)

("C:\Program Files (x86)\MiKTeX 2.9\tex\latex\graphics\trig.sty"
Package: trig 1999/03/16 v1.09 sin cos tan (DPC)
)
("C:\Program Files (x86)\MiKTeX 2.9\tex\latex\00miktex\graphics.cfg"
File: graphics.cfg 2007/01/18 v1.5 graphics configuration of teTeX/TeXLive
)
Package graphics Info: Driver file: pdftex.def on input line 91.
)
\Gin@req@height=\dimen110
\Gin@req@width=\dimen111
)
("C:\Program Files (x86)\MiKTeX 2.9\tex\latex\pdfpages\pppdftex.def"
File: pppdftex.def 2013/08/25 v0.4v Pdfpages driver for pdfTeX (AM)
)
\AM@pagebox=\box26
\AM@toc@title=\toks17
\c@AM@survey=\count92
\AM@templatesizebox=\box27
)
("E:\Dokumenty\Stosowana\III rok\Symulacje\doc\documentation.aux")
LaTeX Font Info:    Checking defaults for OML/cmm/m/it on input line 49.
LaTeX Font Info:    ... okay on input line 49.
LaTeX Font Info:    Checking defaults for T1/cmr/m/n on input line 49.
LaTeX Font Info:    ... okay on input line 49.
LaTeX Font Info:    Checking defaults for OT1/cmr/m/n on input line 49.
LaTeX Font Info:    ... okay on input line 49.
LaTeX Font Info:    Checking defaults for OMS/cmsy/m/n on input line 49.
LaTeX Font Info:    ... okay on input line 49.
LaTeX Font Info:    Checking defaults for OMX/cmex/m/n on input line 49.
LaTeX Font Info:    ... okay on input line 49.
LaTeX Font Info:    Checking defaults for U/cmr/m/n on input line 49.
LaTeX Font Info:    ... okay on input line 49.
LaTeX Font Info:    Checking defaults for OT4/cmr/m/n on input line 49.
LaTeX Font Info:    ... okay on input line 49.
\AtBeginShipoutBox=\box28

("C:\Program Files (x86)\MiKTeX 2.9\tex\context\base\supp-pdf.mkii"
[Loading MPS to PDF converter (version 2006.09.02).]
\scratchcounter=\count93
\scratchdimen=\dimen112
\scratchbox=\box29
\nofMPsegments=\count94
\nofMParguments=\count95
\everyMPshowfont=\toks18
\MPscratchCnt=\count96
\MPscratchDim=\dimen113
\MPnumerator=\count97
\makeMPintoPDFobject=\count98
\everyMPtoPDFconversion=\toks19
)
LaTeX Font Info:    Try loading font information for OML+plm on input line 51.
 ("C:\Program Files (x86)\MiKTeX 2.9\tex\latex\polski\omlplm.fd"
File: omlplm.fd 2008/02/24 v1.2.1 Font defs for fonts PL (MW)
)
LaTeX Font Info:    Try loading font information for OMS+plsy on input line 51.


("C:\Program Files (x86)\MiKTeX 2.9\tex\latex\polski\omsplsy.fd"
File: omsplsy.fd 2008/02/24 v1.2.1 Font defs for fonts PL (MW)
)
LaTeX Font Info:    Try loading font information for OMX+plex on input line 51.


("C:\Program Files (x86)\MiKTeX 2.9\tex\latex\polski\omxplex.fd"
File: omxplex.fd 2008/02/24 v1.2.1 Font defs for fonts PL (MW)
)
LaTeX Font Info:    External font `plex10' loaded for size
(Font)              <12> on input line 51.
LaTeX Font Info:    External font `plex10' loaded for size
(Font)              <8> on input line 51.
LaTeX Font Info:    External font `plex10' loaded for size
(Font)              <6> on input line 51.
 [1

{C:/ProgramData/MiKTeX/2.9/pdftex/config/pdftex.map}]
LaTeX Font Info:    External font `plex10' loaded for size
(Font)              <10> on input line 65.
LaTeX Font Info:    External font `plex10' loaded for size
(Font)              <7> on input line 65.
LaTeX Font Info:    External font `plex10' loaded for size
(Font)              <5> on input line 65.

Underfull \hbox (badness 10000) in paragraph at lines 65--66

 []

<silv.jpg, id=11, 427.5975pt x 436.63126pt>
File: silv.jpg Graphic file (type jpg)
 <use silv.jpg>
Package pdftex.def Info: silv.jpg used on input line 71.
(pdftex.def)             Requested size: 171.03596pt x 174.6494pt.
LaTeX Font Info:    Try loading font information for OMS+cmr on input line 78.

("C:\Program Files (x86)\MiKTeX 2.9\tex\latex\base\omscmr.fd"
File: omscmr.fd 1999/05/25 v2.5h Standard LaTeX font definitions
)
LaTeX Font Info:    Font shape `OMS/cmr/m/n' in size <10> not available
(Font)              Font shape `OMS/cmsy/m/n' tried instead on input line 78.

Underfull \hbox (badness 10000) in paragraph at lines 86--87

 []

[2 <E:/Dokumenty/Stosowana/III rok/Symulacje/doc/silv.jpg>]
Underfull \hbox (badness 10000) in paragraph at lines 88--89

 []


Underfull \hbox (badness 10000) in paragraph at lines 90--91

 []

<alg.png, id=18, 370.38374pt x 167.87718pt>
File: alg.png Graphic file (type png)
 <use alg.png>
Package pdftex.def Info: alg.png used on input line 96.
(pdftex.def)             Requested size: 333.34227pt x 151.08806pt.

Underfull \hbox (badness 10000) in paragraph at lines 101--102

 []


Underfull \hbox (badness 10000) in paragraph at lines 108--109

 []

[3 <E:/Dokumenty/Stosowana/III rok/Symulacje/doc/alg.png>]
Underfull \hbox (badness 10000) in paragraph at lines 123--124

 []


Overfull \hbox (4.67883pt too wide) in paragraph at lines 144--145
[]\OT4/cmr/m/n/10 SurfaceType - ROAD, GRASS, WORSE ROAD, BAR-RIER, START LINE,
 []

[4]
Underfull \hbox (badness 10000) in paragraph at lines 148--149

 []


Underfull \hbox (badness 10000) in paragraph at lines 158--159

 []

<scroll.png, id=28, 430.60875pt x 33.87656pt>
File: scroll.png Graphic file (type png)
 <use scroll.png>
Package pdftex.def Info: scroll.png used on input line 165.
(pdftex.def)             Requested size: 344.48746pt x 27.10127pt.
 [5]
Underfull \hbox (badness 10000) in paragraph at lines 195--196

 []


Underfull \hbox (badness 10000) in paragraph at lines 197--198

 []

[6 <E:/Dokumenty/Stosowana/III rok/Symulacje/doc/scroll.png>]
Underfull \hbox (badness 10000) in paragraph at lines 231--232

 []

[7] <visibility-top.png, id=41, 264.99pt x 174.6525pt>
File: visibility-top.png Graphic file (type png)

<use visibility-top.png>
Package pdftex.def Info: visibility-top.png used on input line 235.
(pdftex.def)             Requested size: 158.99522pt x 104.7923pt.

<visibility-top-left.png, id=43, 208.78pt x 196.735pt>
File: visibility-top-left.png Graphic file (type png)

<use visibility-top-left.png>
Package pdftex.def Info: visibility-top-left.png used on input line 242.
(pdftex.def)             Requested size: 125.26895pt x 118.04189pt.
 [8 <E:/Dokumenty/Stosowana/III rok/Symulacje/doc/visibility-top.png> <E:/Dokum
enty/Stosowana/III rok/Symulacje/doc/visibility-top-left.png>] <uml.pdf, id=50,
 598.48593pt x 846.16125pt>
File: uml.pdf Graphic file (type pdf)
 <use uml.pdf>
Package pdftex.def Info: uml.pdf used on input line 281.
(pdftex.def)             Requested size: 598.48447pt x 846.1592pt.
File: uml.pdf Graphic file (type pdf)

<use uml.pdf>
Package pdftex.def Info: uml.pdf used on input line 281.
(pdftex.def)             Requested size: 598.48447pt x 846.1592pt.
 [9] [10] <uml.pdf, id=59, page=1, 598.48593pt x 846.16125pt>
File: uml.pdf Graphic file (type pdf)

<use uml.pdf, page 1>
Package pdftex.def Info: uml.pdf, page1 used on input line 281.
(pdftex.def)             Requested size: 598.48447pt x 846.1592pt.
File: uml.pdf Graphic file (type pdf)
 <use uml.pdf, page 1>
Package pdftex.def Info: uml.pdf, page1 used on input line 281.
(pdftex.def)             Requested size: 562.37595pt x 795.10765pt.
File: uml.pdf Graphic file (type pdf)
 <use uml.pdf, page 1>
Package pdftex.def Info: uml.pdf, page1 used on input line 281.
(pdftex.def)             Requested size: 562.37595pt x 795.10765pt.
File: uml.pdf Graphic file (type pdf)

<use uml.pdf, page 1>
Package pdftex.def Info: uml.pdf, page1 used on input line 281.
(pdftex.def)             Requested size: 562.37595pt x 795.10765pt.
File: uml.pdf Graphic file (type pdf)
 <use uml.pdf, page 1>
Package pdftex.def Info: uml.pdf, page1 used on input line 281.
(pdftex.def)             Requested size: 562.37595pt x 795.10765pt.
 [11 <E:/Dokumenty/Stosowana/III rok/Symulacje/doc/uml.pdf>]
File: uml.pdf Graphic file (type pdf)
 <use uml.pdf>
Package pdftex.def Info: uml.pdf used on input line 282.
(pdftex.def)             Requested size: 598.48447pt x 846.1592pt.
File: uml.pdf Graphic file (type pdf)
 <use uml.pdf>
Package pdftex.def Info: uml.pdf used on input line 282.
(pdftex.def)             Requested size: 598.48447pt x 846.1592pt.

<uml.pdf, id=73, page=2, 598.48593pt x 846.16125pt>
File: uml.pdf Graphic file (type pdf)
 <use uml.pdf, page 2>
Package pdftex.def Info: uml.pdf, page2 used on input line 282.
(pdftex.def)             Requested size: 598.48447pt x 846.1592pt.
File: uml.pdf Graphic file (type pdf)

<use uml.pdf, page 2>
Package pdftex.def Info: uml.pdf, page2 used on input line 282.
(pdftex.def)             Requested size: 562.37595pt x 795.10765pt.
File: uml.pdf Graphic file (type pdf)
 <use uml.pdf, page 2>
Package pdftex.def Info: uml.pdf, page2 used on input line 282.
(pdftex.def)             Requested size: 562.37595pt x 795.10765pt.
File: uml.pdf Graphic file (type pdf)
 <use uml.pdf, page 2>
Package pdftex.def Info: uml.pdf, page2 used on input line 282.
(pdftex.def)             Requested size: 562.37595pt x 795.10765pt.
File: uml.pdf Graphic file (type pdf)

<use uml.pdf, page 2>
Package pdftex.def Info: uml.pdf, page2 used on input line 282.
(pdftex.def)             Requested size: 562.37595pt x 795.10765pt.
 [12 <E:/Dokumenty/Stosowana/III rok/Symulacje/doc/uml.pdf>]
File: uml.pdf Graphic file (type pdf)
 <use uml.pdf>
Package pdftex.def Info: uml.pdf used on input line 283.
(pdftex.def)             Requested size: 598.48447pt x 846.1592pt.
File: uml.pdf Graphic file (type pdf)
 <use uml.pdf>
Package pdftex.def Info: uml.pdf used on input line 283.
(pdftex.def)             Requested size: 598.48447pt x 846.1592pt.

<uml.pdf, id=88, page=3, 598.48593pt x 846.16125pt>
File: uml.pdf Graphic file (type pdf)
 <use uml.pdf, page 3>
Package pdftex.def Info: uml.pdf, page3 used on input line 283.
(pdftex.def)             Requested size: 598.48447pt x 846.1592pt.
File: uml.pdf Graphic file (type pdf)

<use uml.pdf, page 3>
Package pdftex.def Info: uml.pdf, page3 used on input line 283.
(pdftex.def)             Requested size: 562.37595pt x 795.10765pt.
File: uml.pdf Graphic file (type pdf)
 <use uml.pdf, page 3>
Package pdftex.def Info: uml.pdf, page3 used on input line 283.
(pdftex.def)             Requested size: 562.37595pt x 795.10765pt.
File: uml.pdf Graphic file (type pdf)
 <use uml.pdf, page 3>
Package pdftex.def Info: uml.pdf, page3 used on input line 283.
(pdftex.def)             Requested size: 562.37595pt x 795.10765pt.
File: uml.pdf Graphic file (type pdf)

<use uml.pdf, page 3>
Package pdftex.def Info: uml.pdf, page3 used on input line 283.
(pdftex.def)             Requested size: 562.37595pt x 795.10765pt.
 [13 <E:/Dokumenty/Stosowana/III rok/Symulacje/doc/uml.pdf>]
LaTeX Font Info:    Try loading font information for OT4+cmtt on input line 286
.
 ("C:\Program Files (x86)\MiKTeX 2.9\tex\latex\polski\ot4cmtt.fd"
File: ot4cmtt.fd 2008/02/24 v1.2.1 Font defs for fonts PL (MW)
)
<options.png, id=94, 261.97874pt x 194.97844pt>
File: options.png Graphic file (type png)
 <use options.png>
Package pdftex.def Info: options.png used on input line 305.
(pdftex.def)             Requested size: 209.58327pt x 155.98294pt.


LaTeX Warning: `h' float specifier changed to `ht'.


Underfull \hbox (badness 10000) in paragraph at lines 310--313

 []


Underfull \hbox (badness 10000) in paragraph at lines 314--315

 []

<results.png, id=95, 341.77687pt x 164.11313pt>
File: results.png Graphic file (type png)
 <use results.png>
Package pdftex.def Info: results.png used on input line 323.
(pdftex.def)             Requested size: 273.42186pt x 131.29066pt.


LaTeX Warning: `h' float specifier changed to `ht'.

<wet.png, id=96, 343.2825pt x 164.11313pt>
File: wet.png Graphic file (type png)
 <use wet.png>
Package pdftex.def Info: wet.png used on input line 330.
(pdftex.def)             Requested size: 274.62636pt x 131.29066pt.


LaTeX Warning: `h' float specifier changed to `ht'.

<wetdry.png, id=97, 342.5297pt x 164.86594pt>
File: wetdry.png Graphic file (type png)
 <use wetdry.png>
Package pdftex.def Info: wetdry.png used on input line 337.
(pdftex.def)             Requested size: 274.02412pt x 131.8929pt.


LaTeX Warning: `h' float specifier changed to `ht'.

<stats.png, id=98, 341.77687pt x 163.3603pt>
File: stats.png Graphic file (type png)
 <use stats.png>
Package pdftex.def Info: stats.png used on input line 344.
(pdftex.def)             Requested size: 273.42186pt x 130.6884pt.


LaTeX Warning: `h' float specifier changed to `ht'.


Underfull \hbox (badness 10000) in paragraph at lines 349--350

 []


Underfull \hbox (badness 10000) in paragraph at lines 355--356

 []

[14]
Underfull \hbox (badness 10000) in paragraph at lines 357--358

 []


Underfull \hbox (badness 10000) in paragraph at lines 359--368

 []


Underfull \hbox (badness 10000) in paragraph at lines 371--372

 []


Underfull \hbox (badness 10000) in paragraph at lines 373--374

 []

[15 <E:/Dokumenty/Stosowana/III rok/Symulacje/doc/options.png>] [16 <E:/Dokumen
ty/Stosowana/III rok/Symulacje/doc/results.png> <E:/Dokumenty/Stosowana/III rok
/Symulacje/doc/wet.png>]
Underfull \hbox (badness 10000) in paragraph at lines 382--383

 []


Underfull \hbox (badness 10000) in paragraph at lines 384--385

 []

[17 <E:/Dokumenty/Stosowana/III rok/Symulacje/doc/wetdry.png> <E:/Dokumenty/Sto
sowana/III rok/Symulacje/doc/stats.png>]
Underfull \hbox (badness 10000) in paragraph at lines 389--390

 []


Underfull \hbox (badness 10000) in paragraph at lines 391--392

 []


Underfull \hbox (badness 10000) in paragraph at lines 396--397

 []

[18] ("E:\Dokumenty\Stosowana\III rok\Symulacje\doc\documentation.bbl"
Underfull \hbox (badness 10000) in paragraph at lines 9--14
[]\OT4/cmr/m/n/10 Christian Dan-ner.  Si-lver-stone cir-cuit tracj map.  $\OT4/
cmtt/m/n/10 http :$
 []


Underfull \hbox (badness 10000) in paragraph at lines 9--14
$\OT4/cmtt/m/n/10 / / www . f1fanatic . co . uk / f1-[]information / going-[]to
-[]a-[]race /$
 []

) [19] ("E:\Dokumenty\Stosowana\III rok\Symulacje\doc\documentation.aux") ) 
Here is how much of TeX's memory you used:
 3493 strings out of 493921
 46712 string characters out of 3144851
 109395 words of memory out of 3000000
 6707 multiletter control sequences out of 15000+200000
 15627 words of font info for 43 fonts, out of 3000000 for 9000
 841 hyphenation exceptions out of 8191
 38i,18n,42p,836b,429s stack positions out of 5000i,500n,10000p,200000b,50000s
{C:/
Program Files (x86)/MiKTeX 2.9/fonts/enc/dvips/pl/pltt.enc}{C:/Program Files (x
86)/MiKTeX 2.9/fonts/enc/dvips/pl/plms.enc}{C:/Program Files (x86)/MiKTeX 2.9/f
onts/enc/dvips/pl/plrm.enc}{C:/Program Files (x86)/MiKTeX 2.9/fonts/enc/dvips/p
l/plmi.enc}{C:/Program Files (x86)/MiKTeX 2.9/fonts/enc/dvips/pl/plit.enc}{C:/P
rogram Files (x86)/MiKTeX 2.9/fonts/enc/dvips/pl/plsc.enc}<C:/Program Files (x8
6)/MiKTeX 2.9/fonts/type1/public/amsfonts/cm/cmsy10.pfb><C:/Program Files (x86)
/MiKTeX 2.9/fonts/type1/public/pl/plbx10.pfb><C:/Program Files (x86)/MiKTeX 2.9
/fonts/type1/public/pl/plbx12.pfb><C:/Program Files (x86)/MiKTeX 2.9/fonts/type
1/public/pl/plbx9.pfb><C:/Program Files (x86)/MiKTeX 2.9/fonts/type1/public/pl/
plcsc10.pfb><C:/Program Files (x86)/MiKTeX 2.9/fonts/type1/public/pl/plmi10.pfb
><C:/Program Files (x86)/MiKTeX 2.9/fonts/type1/public/pl/plmi7.pfb><C:/Program
 Files (x86)/MiKTeX 2.9/fonts/type1/public/pl/plr10.pfb><C:/Program Files (x86)
/MiKTeX 2.9/fonts/type1/public/pl/plr12.pfb><C:/Program Files (x86)/MiKTeX 2.9/
fonts/type1/public/pl/plr17.pfb><C:/Program Files (x86)/MiKTeX 2.9/fonts/type1/
public/pl/plr7.pfb><C:/Program Files (x86)/MiKTeX 2.9/fonts/type1/public/pl/plr
9.pfb><C:/Program Files (x86)/MiKTeX 2.9/fonts/type1/public/pl/plsy10.pfb><C:/P
rogram Files (x86)/MiKTeX 2.9/fonts/type1/public/pl/plsy7.pfb><C:/Program Files
 (x86)/MiKTeX 2.9/fonts/type1/public/pl/plti10.pfb><C:/Program Files (x86)/MiKT
eX 2.9/fonts/type1/public/pl/pltt10.pfb>
Output written on documentation.pdf (19 pages, 407263 bytes).
PDF statistics:
 175 PDF objects out of 1000 (max. 8388607)
 0 named destinations out of 1000 (max. 500000)
 101 words of extra memory for PDF output out of 10000 (max. 10000000)

